Gurobi shell based on Python 3.11.3 can be launched with command `gurobi.sh`
Gurobi Python Interface can be loaded in Python 3.11.3 with 'import gurobipy'
MATLAB is selecting SOFTWARE OPENGL rendering.

                            < M A T L A B (R) >
                  Copyright 1984-2023 The MathWorks, Inc.
                  R2023b (23.2.0.2365128) 64-bit (glnxa64)
                              August 23, 2023

 
To get started, type doc.
For product information, visit www.mathworks.com.
 

ans =

    '/mech001.mnt/home/20222295/accessibility-fairness-iamod'

+ Solver chosen : GUROBI
+ Processing objective function
+ Processing constraints
+ Calling GUROBI
Set parameter GURO_PAR_SPECIAL
Set parameter TokenServer to value "gurobi.lic.tue.nl"
Set parameter FeasibilityTol to value 1e-09
Set parameter IntFeasTol to value 1e-09
Set parameter OptimalityTol to value 1e-09
Set parameter PSDTol to value 1e-09
Set parameter BarConvTol to value 1e-09
Set parameter NodefileDir to value ""
Set parameter TuneTimeLimit to value 0
Gurobi Optimizer version 11.0.0 build v11.0.0rc2 (linux64 - "Rocky Linux 8.10 (Green Obsidian)")

CPU model: AMD EPYC 9654 96-Core Processor, instruction set [SSE2|AVX|AVX2|AVX512]
Thread count: 192 physical cores, 192 logical processors, using up to 32 threads

Optimize a model with 9320434 rows, 7601662 columns and 33634356 nonzeros
Model fingerprint: 0xc5917658
Model has 1346 quadratic objective terms
Coefficient statistics:
  Matrix range     [1e-09, 1e+01]
  Objective range  [2e-16, 6e-01]
  QObjective range [9e-06, 2e-02]
  Bounds range     [0e+00, 0e+00]
  RHS range        [3e-01, 3e+03]
Presolve removed 8119533 rows and 738874 columns (presolve time = 6s) ...
Presolve removed 8119533 rows and 738874 columns (presolve time = 10s) ...
Presolve removed 8120880 rows and 777824 columns (presolve time = 15s) ...
Presolve removed 8120880 rows and 777824 columns
Presolve time: 17.61s
Presolved: 1199554 rows, 6823838 columns, 23637298 nonzeros
Presolved model has 1346 quadratic objective terms
Ordering time: 2.34s

Barrier statistics:
 AA' NZ     : 6.786e+06
 Factor NZ  : 6.073e+07 (roughly 4.0 GB of memory)
 Factor Ops : 8.325e+09 (less than 1 second per iteration)
 Threads    : 32

                  Objective                Residual
Iter       Primal          Dual         Primal    Dual     Compl     Time
   0   5.77224673e+06 -5.74416164e+06  3.87e+08 5.57e-14  1.00e+06    25s
   1   1.84734591e+07 -1.83847388e+07  3.68e+08 6.07e+02  9.52e+05    26s
   2   4.01706693e+09 -4.01443893e+09  2.43e+08 6.22e+02  7.73e+05    27s
   3   4.23707366e+09 -4.23442438e+09  2.08e+08 1.98e+02  6.63e+05    29s
   4   7.52527817e+09 -7.52210696e+09  4.39e+07 5.72e+01  2.69e+05    30s
   5   2.23389907e+09 -2.23276747e+09  1.88e+06 1.82e-12  4.55e+04    31s
   6   5.17381061e+08 -5.17456928e+08  2.10e+05 1.48e-12  1.00e+04    31s
   7   1.34173775e+08 -1.34897963e+08  2.97e+04 1.87e-12  2.56e+03    32s
   8   3.29255212e+07 -3.37342087e+07  3.98e+03 1.96e-12  6.29e+02    33s
   9   5.23932345e+06 -5.39274669e+06  3.76e+01 1.49e-12  9.97e+01    34s
  10   8.28378963e+05 -8.80353395e+05  2.82e-07 9.80e-13  1.60e+01    35s
  11   1.42007000e+05 -1.45255598e+05  3.15e-09 5.93e-13  2.69e+00    36s
  12   3.43988422e+04 -3.96779708e+04  9.05e-12 2.82e-13  6.94e-01    36s
  13   1.08779126e+04 -1.09540621e+04  5.06e-12 2.70e-13  2.05e-01    38s
  14   7.06285164e+03 -6.75615639e+03  2.20e-12 1.29e-13  1.30e-01    39s
  15   5.09256913e+03 -4.62704753e+03  1.32e-12 1.45e-13  9.11e-02    40s
  16   3.46146485e+03 -2.91868654e+03  8.65e-13 1.02e-13  5.98e-02    40s
  17   2.52369631e+03 -1.99079026e+03  5.22e-13 1.73e-13  4.23e-02    41s
  18   1.51474390e+03 -1.04507539e+03  2.85e-13 7.94e-14  2.40e-02    42s
  19   1.15741287e+03 -7.45906616e+02  2.31e-13 1.02e-13  1.78e-02    43s
  20   7.36173035e+02 -4.16194960e+02  1.76e-13 7.35e-14  1.08e-02    44s
  21   5.57662942e+02 -2.91640863e+02  5.57e-13 8.77e-14  7.96e-03    45s
  22   4.32337947e+02 -2.10229707e+02  1.31e-12 7.35e-14  6.02e-03    46s
  23   3.62466865e+02 -1.67943523e+02  4.63e-12 7.35e-14  4.97e-03    47s
  24   3.01890169e+02 -1.33144211e+02  2.08e-12 7.35e-14  4.08e-03    48s
  25   2.43632656e+02 -1.00892292e+02  2.09e-11 8.65e-14  3.23e-03    49s
  26   2.08196888e+02 -8.27178991e+01  1.66e-11 9.01e-14  2.73e-03    51s
  27   2.03215170e+02 -8.02739330e+01  1.99e-11 7.94e-14  2.66e-03    52s
  28   1.98449018e+02 -7.81813214e+01  2.40e-11 9.72e-14  2.59e-03    53s
  29   1.84285174e+02 -7.15002220e+01  4.25e-11 9.48e-14  2.40e-03    55s
  30   1.68207514e+02 -6.43524036e+01  4.57e-11 8.77e-14  2.18e-03    56s
  31   1.48579502e+02 -5.60445822e+01  8.66e-11 8.06e-14  1.92e-03    58s
  32   1.40506792e+02 -5.27696909e+01  7.71e-11 1.23e-13  1.81e-03    59s
  33   1.31085490e+02 -4.89489585e+01  7.70e-11 1.15e-13  1.69e-03    61s
  34   1.24099667e+02 -4.62681321e+01  7.12e-11 1.02e-13  1.60e-03    62s
  35   1.14674348e+02 -4.24937650e+01  6.92e-11 8.77e-14  1.47e-03    64s
  36   1.06606007e+02 -3.94860546e+01  1.03e-10 8.77e-14  1.37e-03    66s
  37   9.14053676e+01 -3.39665378e+01  1.04e-10 8.77e-14  1.18e-03    67s
  38   8.42560855e+01 -3.17258817e+01  8.56e-11 8.77e-14  1.09e-03    69s
  39   7.75009071e+01 -2.96138541e+01  8.63e-11 7.35e-14  1.00e-03    71s
  40   7.21569656e+01 -2.81348786e+01  7.01e-11 1.02e-13  9.40e-04    72s
  41   6.45680171e+01 -2.59102635e+01  7.17e-11 1.30e-13  8.48e-04    73s
  42   5.74792504e+01 -2.38677354e+01  1.18e-10 1.16e-13  7.63e-04    75s
  43   5.08910714e+01 -2.19915085e+01  1.96e-10 8.77e-14  6.83e-04    77s
  44   4.49979759e+01 -2.03211172e+01  1.58e-10 8.77e-14  6.12e-04    78s
  45   3.97346910e+01 -1.88058446e+01  1.89e-10 8.06e-14  5.49e-04    80s
  46   3.37483882e+01 -1.70552374e+01  7.53e-11 5.10e-14  4.76e-04    82s
  47   2.98122009e+01 -1.59136974e+01  6.37e-11 6.64e-14  4.29e-04    83s
  48   2.53174400e+01 -1.45566366e+01  2.91e-10 6.64e-14  3.74e-04    85s
  49   2.22516163e+01 -1.35970193e+01  6.45e-10 5.75e-14  3.36e-04    87s
  50   1.97503061e+01 -1.27880989e+01  3.93e-10 5.81e-14  3.05e-04    88s
  51   1.76409469e+01 -1.20576152e+01  2.72e-10 5.58e-14  2.78e-04    90s
  52   1.55028009e+01 -1.12753502e+01  2.90e-10 5.81e-14  2.51e-04    92s
  53   1.40120068e+01 -1.06756019e+01  2.38e-10 5.93e-14  2.31e-04    93s
  54   1.31495017e+01 -1.03356328e+01  3.73e-10 1.02e-13  2.20e-04    94s
  55   1.24209790e+01 -1.00343243e+01  5.72e-10 1.09e-13  2.11e-04    96s
  56   1.16562956e+01 -9.69348979e+00  8.95e-10 8.77e-14  2.00e-04    97s
  57   1.02708957e+01 -9.08222938e+00  7.88e-10 1.02e-13  1.81e-04    99s
  58   9.57883346e+00 -8.76775482e+00  7.17e-10 5.93e-14  1.72e-04   100s
  59   9.03466765e+00 -8.53261763e+00  6.68e-10 5.22e-14  1.65e-04   102s
  60   8.48420431e+00 -8.29771586e+00  7.51e-10 8.06e-14  1.57e-04   103s
  61   8.16391395e+00 -8.15558698e+00  8.87e-10 1.02e-13  1.53e-04   104s
  62   7.44877067e+00 -7.81574538e+00  5.13e-10 1.02e-13  1.43e-04   106s
  63   6.68722341e+00 -7.42431435e+00  5.92e-10 8.77e-14  1.32e-04   107s
  64   6.22971399e+00 -7.16704981e+00  6.84e-10 7.00e-14  1.26e-04   109s
  65   6.00880275e+00 -7.04762747e+00  7.09e-10 6.64e-14  1.22e-04   110s
  66   5.42055238e+00 -6.68296477e+00  9.01e-10 6.64e-14  1.13e-04   112s
  67   5.12359120e+00 -6.50643573e+00  8.90e-10 7.00e-14  1.09e-04   113s
  68   4.71187033e+00 -6.25398169e+00  9.56e-10 8.06e-14  1.03e-04   115s
  69   4.40730991e+00 -6.04398479e+00  1.00e-09 8.06e-14  9.80e-05   116s
  70   4.30612886e+00 -5.97865961e+00  1.16e-09 6.87e-14  9.64e-05   118s
  71   4.01166127e+00 -5.77550358e+00  1.48e-09 8.77e-14  9.18e-05   119s
  72   3.77385535e+00 -5.60529118e+00  1.76e-09 9.48e-14  8.79e-05   121s
  73   3.53191998e+00 -5.41524712e+00  3.01e-09 1.16e-13  8.39e-05   122s
  74   3.43754864e+00 -5.34543353e+00  3.11e-09 1.30e-13  8.23e-05   124s
  75   3.27663606e+00 -5.22874068e+00  3.70e-09 9.48e-14  7.97e-05   125s
  76   3.07715845e+00 -5.08959233e+00  4.71e-09 1.09e-13  7.66e-05   127s
  77   2.90759347e+00 -4.95591315e+00  4.58e-09 8.06e-14  7.37e-05   128s
  78   2.76361953e+00 -4.81809033e+00  4.15e-09 8.06e-14  7.11e-05   129s
  79   2.66594092e+00 -4.73248585e+00  4.72e-09 7.58e-14  6.94e-05   131s
  80   2.56951399e+00 -4.62286407e+00  5.51e-09 7.58e-14  6.74e-05   132s
  81   2.46584850e+00 -4.52340268e+00  5.46e-09 1.02e-13  6.55e-05   134s
  82   2.31770280e+00 -4.39311522e+00  5.12e-09 8.77e-14  6.29e-05   135s
  83   2.24754896e+00 -4.31463973e+00  5.13e-09 1.02e-13  6.15e-05   137s
  84   2.07188600e+00 -4.14820054e+00  5.36e-09 1.02e-13  5.83e-05   139s
  85   1.97406914e+00 -4.05509662e+00  5.47e-09 1.09e-13  5.65e-05   140s
  86   1.85697057e+00 -3.90953325e+00  4.76e-09 1.09e-13  5.41e-05   142s
  87   1.79491502e+00 -3.83083208e+00  4.82e-09 1.37e-13  5.27e-05   143s
  88   1.74407704e+00 -3.76934092e+00  4.49e-09 1.09e-13  5.17e-05   144s
  89   1.70845096e+00 -3.72786717e+00  4.56e-09 1.37e-13  5.10e-05   146s
  90   1.64125802e+00 -3.65758140e+00  6.43e-09 1.59e-13  4.97e-05   147s
  91   1.58122133e+00 -3.59109647e+00  7.50e-09 1.16e-13  4.85e-05   148s
  92   1.49526066e+00 -3.48827179e+00  8.50e-09 9.54e-14  4.67e-05   150s
  93   1.36187992e+00 -3.26018160e+00  7.31e-09 1.08e-13  4.33e-05   151s
  94   1.32090036e+00 -3.19636868e+00  7.63e-09 1.01e-13  4.24e-05   153s
  95   1.25167807e+00 -3.08169045e+00  7.91e-09 8.65e-14  4.06e-05   154s
  96   1.21781545e+00 -3.02629283e+00  7.79e-09 9.36e-14  3.98e-05   155s
  97   1.15384950e+00 -2.91565545e+00  9.02e-09 8.47e-14  3.82e-05   157s
  98   1.12251109e+00 -2.86265262e+00  8.69e-09 8.47e-14  3.74e-05   158s
  99   1.03751302e+00 -2.69284073e+00  7.08e-09 7.94e-14  3.50e-05   160s
 100   1.00799986e+00 -2.63603170e+00  6.83e-09 8.65e-14  3.42e-05   161s
 101   8.91255414e-01 -2.40685308e+00  5.61e-09 7.23e-14  3.09e-05   163s
 102   8.40589554e-01 -2.30100068e+00  4.91e-09 7.23e-14  2.95e-05   164s
 103   8.29870970e-01 -2.28164002e+00  4.87e-09 6.52e-14  2.92e-05   165s
 104   8.24428264e-01 -2.27454629e+00  4.82e-09 6.52e-14  2.91e-05   166s
 105   8.25421392e-01 -2.26838749e+00  4.71e-09 3.98e-14  2.90e-05   168s
 106   7.53841751e-01 -2.11912535e+00  5.79e-09 4.51e-14  2.69e-05   170s
 107   4.74106245e-01 -1.33971746e+00  7.31e-08 3.80e-14  1.70e-05   174s
 108   3.92826493e-01 -1.07666577e+00  4.73e-08 2.26e-14  1.38e-05   176s
 109   3.38131918e-01 -8.40994885e-01  2.31e-08 1.90e-14  1.11e-05   178s
 110   3.16687049e-01 -7.76873279e-01  2.16e-08 1.54e-14  1.03e-05   180s
 111   2.64102632e-01 -5.85447762e-01  2.04e-08 1.67e-14  7.96e-06   182s
 112   2.60497827e-01 -5.72139802e-01  1.96e-08 1.67e-14  7.81e-06   183s
 113   2.57008137e-01 -5.58571403e-01  1.94e-08 1.67e-14  7.65e-06   185s
 114   2.51096548e-01 -5.32381516e-01  1.91e-08 1.31e-14  7.35e-06   186s
 115   2.33666036e-01 -4.06096310e-01  1.16e-08 1.13e-14  6.00e-06   187s
 116   2.03863503e-01 -2.28722770e-01  1.24e-08 7.72e-15  4.06e-06   189s
 117   1.86792687e-01 -1.30704890e-01  1.45e-08 8.34e-15  2.98e-06   190s
 118   1.76244387e-01 -5.80325814e-02  1.27e-08 9.19e-15  2.20e-06   192s
 119   1.70182588e-01 -1.53882838e-02  3.53e-08 8.34e-15  1.74e-06   193s
 120   1.66823147e-01  1.05697740e-02  4.36e-08 8.34e-15  1.46e-06   193s
 121   1.64012856e-01  3.36702996e-02  4.66e-08 2.26e-14  1.22e-06   194s
 122   1.62363727e-01  4.39488228e-02  3.23e-08 2.26e-14  1.11e-06   195s
 123   1.59202798e-01  7.60302217e-02  4.82e-08 8.34e-15  7.80e-07   196s
 124   1.57976657e-01  9.07350101e-02  8.49e-08 7.41e-15  6.30e-07   197s
 125   1.57111800e-01  1.02413596e-01  1.42e-07 8.34e-15  5.13e-07   198s
 126   1.55976629e-01  1.14573512e-01  7.18e-13 1.54e-14  3.88e-07   199s
 127   1.55090308e-01  1.31921519e-01  5.41e-12 8.34e-15  2.17e-07   200s
 128   1.54766727e-01  1.38676592e-01  4.01e-12 8.34e-15  1.51e-07   201s
 129   1.54708570e-01  1.40116187e-01  2.03e-12 7.72e-15  1.37e-07   203s
 130   1.54512545e-01  1.43609509e-01  9.94e-13 1.54e-14  1.02e-07   204s
 131   1.54122354e-01  1.53716741e-01  2.88e-12 8.34e-15  3.80e-09   205s
 132   1.54114665e-01  1.53917628e-01  1.75e-07 6.78e-15  1.85e-09   206s
 133   1.54113640e-01  1.53944397e-01  1.49e-07 6.17e-15  1.59e-09   208s
 134   1.54112105e-01  1.53983046e-01  1.20e-07 1.54e-14  1.21e-09   209s
 135   1.54111903e-01  1.53986415e-01  1.15e-07 5.95e-15  1.18e-09   210s
 136   1.54110926e-01  1.54009570e-01  8.54e-08 8.34e-15  9.50e-10   212s
 137   1.54110680e-01  1.54014321e-01  7.78e-08 1.54e-14  9.03e-10   213s
 138   1.54109858e-01  1.54031948e-01  3.21e-08 2.26e-14  7.30e-10   214s
 139   1.54109505e-01  1.54038513e-01  2.02e-08 1.54e-14  6.66e-10   216s
 140   1.54108798e-01  1.54055026e-01  5.78e-08 2.97e-14  5.04e-10   217s
 141   1.54108292e-01  1.54063671e-01  3.54e-08 2.26e-14  4.18e-10   218s
 142   1.54108186e-01  1.54065324e-01  3.26e-08 1.90e-14  4.02e-10   220s
 143   1.54107753e-01  1.54069906e-01  3.07e-08 5.59e-14  3.55e-10   221s
 144   1.54107452e-01  1.54074979e-01  2.82e-08 5.61e-14  3.04e-10   222s
 145   1.54107008e-01  1.54081161e-01  1.92e-08 3.85e-14  2.42e-10   224s
 146   1.54106761e-01  1.54083997e-01  2.28e-08 3.06e-14  2.13e-10   225s
 147   1.54106696e-01  1.54084835e-01  2.18e-08 2.08e-13  2.05e-10   226s
 148   1.54106654e-01  1.54085373e-01  2.13e-08 2.13e-13  2.00e-10   228s
 149   1.54106567e-01  1.54086435e-01  2.01e-08 2.12e-13  1.89e-10   229s
 150   1.54106446e-01  1.54087498e-01  3.28e-08 4.53e-13  1.78e-10   230s
 151   1.54106306e-01  1.54089105e-01  2.97e-08 5.68e-13  1.61e-10   231s
 152   1.54106042e-01  1.54091274e-01  2.19e-08 4.84e-13  1.38e-10   232s
 153   1.54106008e-01  1.54091609e-01  2.14e-08 4.72e-13  1.35e-10   234s
 154   1.54105957e-01  1.54092074e-01  2.06e-08 4.55e-13  1.30e-10   235s
 155   1.54105889e-01  1.54092684e-01  1.96e-08 4.32e-13  1.24e-10   236s
 156   1.54105854e-01  1.54092985e-01  1.91e-08 4.21e-13  1.21e-10   238s
 157   1.54105797e-01  1.54093461e-01  1.83e-08 4.04e-13  1.16e-10   239s
 158   1.54105756e-01  1.54093738e-01  1.71e-08 1.96e-12  1.13e-10   240s
 159   1.54105617e-01  1.54094660e-01  1.60e-08 3.76e-12  1.03e-10   242s
 160   1.54105587e-01  1.54094874e-01  1.56e-08 3.53e-12  1.00e-10   243s
 161   1.54105539e-01  1.54095189e-01  1.51e-08 3.46e-12  9.70e-11   244s
 162   1.54105494e-01  1.54095460e-01  1.46e-08 3.35e-12  9.41e-11   246s
 163   1.54105464e-01  1.54095637e-01  1.43e-08 3.36e-12  9.21e-11   247s
 164   1.54105415e-01  1.54095914e-01  1.39e-08 3.37e-12  8.91e-11   248s
 165   1.54105391e-01  1.54096053e-01  1.36e-08 3.24e-12  8.75e-11   249s
 166   1.54105362e-01  1.54096234e-01  1.33e-08 3.11e-12  8.56e-11   250s
 167   1.54105341e-01  1.54096355e-01  1.31e-08 3.06e-12  8.42e-11   252s
 168   1.54105315e-01  1.54096497e-01  1.29e-08 3.00e-12  8.27e-11   253s
 169   1.54105277e-01  1.54096695e-01  1.25e-08 2.91e-12  8.05e-11   254s
 170   1.54105252e-01  1.54096832e-01  1.23e-08 2.85e-12  7.89e-11   255s
 171   1.54105208e-01  1.54097059e-01  1.19e-08 2.76e-12  7.64e-11   257s
 172   1.54105182e-01  1.54097197e-01  1.16e-08 2.70e-12  7.49e-11   258s
 173   1.54105146e-01  1.54097379e-01  1.13e-08 2.62e-12  7.28e-11   259s
 174   1.54105128e-01  1.54097471e-01  1.12e-08 2.58e-12  7.18e-11   260s
 175   1.54105098e-01  1.54097606e-01  1.09e-08 2.51e-12  7.02e-11   262s
 176   1.54105074e-01  1.54097713e-01  1.07e-08 2.46e-12  6.90e-11   263s
 177   1.54105058e-01  1.54097779e-01  1.06e-08 2.42e-12  6.82e-11   264s
 178   1.54105034e-01  1.54097882e-01  1.05e-08 2.37e-12  6.70e-11   266s
 179   1.54105023e-01  1.54097920e-01  1.04e-08 2.35e-12  6.66e-11   267s
 180   1.54105014e-01  1.54097960e-01  1.03e-08 2.32e-12  6.61e-11   269s
 181   1.54105005e-01  1.54097977e-01  1.03e-08 2.47e-12  6.59e-11   270s
 182   1.54104988e-01  1.54098035e-01  1.02e-08 2.43e-12  6.52e-11   271s
 183   1.54104974e-01  1.54098083e-01  1.01e-08 2.41e-12  6.46e-11   273s
 184   1.54104952e-01  1.54098154e-01  9.94e-09 2.37e-12  6.37e-11   274s
 185   1.54104935e-01  1.54098213e-01  9.83e-09 2.32e-12  6.30e-11   275s
 186   1.54104914e-01  1.54098288e-01  9.69e-09 2.25e-12  6.21e-11   277s
 187   1.54104909e-01  1.54098298e-01  9.67e-09 2.56e-12  6.20e-11   278s
 188   1.54104907e-01  1.54098303e-01  9.66e-09 2.58e-12  6.19e-11   279s
 189   1.54104905e-01  1.54098310e-01  9.64e-09 2.63e-12  6.18e-11   282s
 190   1.54104879e-01  1.54098365e-01  9.53e-09 3.23e-12  6.11e-11   284s
 191   1.54104827e-01  1.54098559e-01  9.18e-09 3.32e-12  5.88e-11   287s
 192   1.54104809e-01  1.54098615e-01  9.07e-09 3.33e-12  5.81e-11   290s
 193   1.54104783e-01  1.54098702e-01  8.90e-09 3.35e-12  5.70e-11   292s
 194   1.54104765e-01  1.54098749e-01  8.80e-09 3.35e-12  5.64e-11   294s
 195   1.54104741e-01  1.54098821e-01  8.66e-09 3.70e-12  5.55e-11   296s
 196   1.54104715e-01  1.54098896e-01  8.52e-09 6.18e-12  5.46e-11   298s
 197   1.54104692e-01  1.54098947e-01  8.40e-09 6.14e-12  5.39e-11   301s
 198   1.54104616e-01  1.54099075e-01  8.11e-09 5.93e-12  5.19e-11   304s
 199   1.54104583e-01  1.54099158e-01  7.93e-09 5.54e-12  5.09e-11   306s
 200   1.54104548e-01  1.54099246e-01  7.75e-09 5.31e-12  4.97e-11   309s
 201   1.54104501e-01  1.54099372e-01  7.50e-09 5.16e-12  4.81e-11   311s
 202   1.54104469e-01  1.54099443e-01  7.35e-09 4.85e-12  4.71e-11   314s
 203   1.54104456e-01  1.54099469e-01  7.29e-09 4.81e-12  4.68e-11   316s
 204   1.54104417e-01  1.54099563e-01  7.10e-09 4.68e-12  4.55e-11   318s
 205   1.54104384e-01  1.54099611e-01  6.98e-09 6.34e-12  4.47e-11   320s
 206   1.54104352e-01  1.54099669e-01  6.85e-09 6.14e-12  4.39e-11   322s
 207   1.54104336e-01  1.54099707e-01  6.77e-09 5.95e-12  4.34e-11   325s
 208   1.54104298e-01  1.54099795e-01  6.58e-09 5.65e-12  4.22e-11   327s
 209   1.54104285e-01  1.54099825e-01  6.52e-09 5.58e-12  4.18e-11   330s
 210   1.54104255e-01  1.54099888e-01  6.38e-09 5.29e-12  4.09e-11   332s
 211   1.54104225e-01  1.54099944e-01  6.25e-09 4.91e-12  4.01e-11   334s
 212   1.54104186e-01  1.54100022e-01  6.08e-09 5.45e-12  3.90e-11   336s
 213   1.54104157e-01  1.54100077e-01  5.96e-09 5.05e-12  3.83e-11   338s
 214   1.54104145e-01  1.54100097e-01  5.91e-09 4.85e-12  3.80e-11   339s
 215   1.54104111e-01  1.54100155e-01  5.77e-09 4.41e-12  3.71e-11   342s
 216   1.54104085e-01  1.54100203e-01  5.66e-09 4.22e-12  3.64e-11   344s
 217   1.54104062e-01  1.54100236e-01  5.58e-09 4.22e-12  3.59e-11   346s
 218   1.54104026e-01  1.54100289e-01  5.17e-09 4.40e-12  3.50e-11   348s
 219   1.54104003e-01  1.54100324e-01  5.09e-09 4.36e-12  3.45e-11   351s
 220   1.54103983e-01  1.54100355e-01  5.01e-09 4.33e-12  3.40e-11   353s
 221   1.54103963e-01  1.54100386e-01  4.94e-09 4.31e-12  3.35e-11   355s
 222   1.54103946e-01  1.54100411e-01  4.89e-09 4.26e-12  3.31e-11   357s
 223   1.54103917e-01  1.54100454e-01  4.79e-09 4.51e-12  3.25e-11   359s
 224   1.54103906e-01  1.54100466e-01  4.75e-09 4.49e-12  3.22e-11   361s
 225   1.54103895e-01  1.54100482e-01  4.72e-09 4.48e-12  3.20e-11   363s
 226   1.54103874e-01  1.54100514e-01  4.64e-09 4.46e-12  3.15e-11   365s
 227   1.54103845e-01  1.54100556e-01  4.54e-09 4.32e-12  3.08e-11   367s
 228   1.54103828e-01  1.54100578e-01  4.49e-09 4.27e-12  3.05e-11   369s
 229   1.54103800e-01  1.54100614e-01  4.40e-09 4.06e-12  2.99e-11   372s
 230   1.54103758e-01  1.54100675e-01  4.26e-09 5.47e-12  2.89e-11   375s
 231   1.54103720e-01  1.54100723e-01  4.14e-09 7.04e-12  2.81e-11   377s
 232   1.54103700e-01  1.54100744e-01  4.08e-09 7.33e-12  2.77e-11   380s
 233   1.54103675e-01  1.54100775e-01  4.00e-09 8.40e-12  2.72e-11   383s
 234   1.54103635e-01  1.54100829e-01  3.87e-09 1.22e-11  2.63e-11   385s
 235   1.54103603e-01  1.54100864e-01  3.77e-09 1.38e-11  2.57e-11   387s
 236   1.54103579e-01  1.54100892e-01  3.70e-09 1.32e-11  2.52e-11   389s
 237   1.54103560e-01  1.54100913e-01  3.64e-09 1.38e-11  2.48e-11   391s
 238   1.54103542e-01  1.54100933e-01  3.59e-09 1.42e-11  2.45e-11   393s
 239   1.54103525e-01  1.54100950e-01  3.55e-09 1.42e-11  2.41e-11   395s
 240   1.54103507e-01  1.54100969e-01  3.49e-09 1.36e-11  2.38e-11   397s
 241   1.54103469e-01  1.54101010e-01  3.38e-09 1.28e-11  2.30e-11   400s
 242   1.54103434e-01  1.54101045e-01  3.29e-09 1.75e-11  2.24e-11   402s
 243   1.54103399e-01  1.54101077e-01  3.19e-09 1.78e-11  2.18e-11   405s
 244   1.54103345e-01  1.54101130e-01  3.04e-09 1.83e-11  2.08e-11   407s
 245   1.54103327e-01  1.54101146e-01  2.97e-09 1.85e-11  2.04e-11   409s
 246   1.54103292e-01  1.54101176e-01  2.88e-09 1.77e-11  1.98e-11   412s
 247   1.54103274e-01  1.54101190e-01  2.84e-09 1.50e-11  1.95e-11   415s
 248   1.54103217e-01  1.54101242e-01  2.69e-09 1.30e-11  1.85e-11   417s
 249   1.54103171e-01  1.54101279e-01  2.57e-09 1.12e-11  1.77e-11   420s
 250   1.54103140e-01  1.54101304e-01  2.50e-09 8.58e-12  1.72e-11   422s
 251   1.54103111e-01  1.54101331e-01  2.42e-09 6.67e-12  1.67e-11   425s
 252   1.54103085e-01  1.54101354e-01  2.35e-09 6.44e-12  1.62e-11   427s
 253   1.54103075e-01  1.54101362e-01  2.33e-09 6.37e-12  1.61e-11   429s
 254   1.54103051e-01  1.54101380e-01  2.27e-09 5.93e-12  1.57e-11   432s
 255   1.54103026e-01  1.54101398e-01  2.21e-09 5.92e-12  1.53e-11   435s
 256   1.54103007e-01  1.54101415e-01  2.16e-09 4.32e-12  1.49e-11   437s
 257   1.54102975e-01  1.54101436e-01  2.09e-09 6.37e-12  1.44e-11   439s
 258   1.54102933e-01  1.54101463e-01  2.00e-09 6.56e-12  1.38e-11   441s
 259   1.54102899e-01  1.54101485e-01  1.92e-09 6.15e-12  1.33e-11   444s
 260   1.54102877e-01  1.54101502e-01  1.87e-09 5.99e-12  1.29e-11   446s
 261   1.54102866e-01  1.54101511e-01  1.84e-09 5.91e-12  1.27e-11   448s
 262   1.54102850e-01  1.54101520e-01  1.80e-09 5.82e-12  1.25e-11   452s
 263   1.54102824e-01  1.54101535e-01  1.75e-09 5.68e-12  1.21e-11   454s
 264   1.54102796e-01  1.54101553e-01  1.68e-09 5.65e-12  1.17e-11   457s
 265   1.54102775e-01  1.54101564e-01  1.63e-09 5.46e-12  1.14e-11   460s
 266   1.54102726e-01  1.54101594e-01  1.52e-09 5.11e-12  1.06e-11   462s
 267   1.54102673e-01  1.54101624e-01  1.41e-09 9.04e-12  9.83e-12   465s
 268   1.54102631e-01  1.54101646e-01  1.32e-09 8.92e-12  9.24e-12   467s
 269   1.54102615e-01  1.54101655e-01  1.29e-09 8.31e-12  9.00e-12   469s
 270   1.54102576e-01  1.54101676e-01  1.21e-09 7.57e-12  8.44e-12   471s
 271   1.54102543e-01  1.54101692e-01  1.14e-09 7.29e-12  7.98e-12   473s
 272   1.54102511e-01  1.54101707e-01  1.08e-09 7.08e-12  7.54e-12   475s
 273   1.54102483e-01  1.54101719e-01  1.02e-09 6.90e-12  7.17e-12   477s
 274   1.54102470e-01  1.54101724e-01  9.98e-10 6.58e-12  7.00e-12   479s
 275   1.54102448e-01  1.54101734e-01  9.53e-10 7.04e-12  6.70e-12   481s
 276   1.54102427e-01  1.54101742e-01  9.14e-10 7.03e-12  6.42e-12   484s
 277   1.54102374e-01  1.54101762e-01  8.15e-10 1.35e-11  5.74e-12   486s
 278   1.54102366e-01  1.54101765e-01  8.02e-10 1.32e-11  5.64e-12   489s
 279   1.54102351e-01  1.54101771e-01  7.73e-10 1.29e-11  5.44e-12   491s

Barrier solved model in 279 iterations and 490.91 seconds (903.58 work units)
Optimal objective 1.54102673e-01

+ Solver chosen : GUROBI
+ Processing objective function
+ Processing constraints
+ Calling GUROBI
Set parameter GURO_PAR_SPECIAL
Set parameter TokenServer to value "gurobi.lic.tue.nl"
Gurobi Optimizer version 11.0.0 build v11.0.0rc2 (linux64 - "Rocky Linux 8.10 (Green Obsidian)")

CPU model: AMD EPYC 9654 96-Core Processor, instruction set [SSE2|AVX|AVX2|AVX512]
Thread count: 192 physical cores, 192 logical processors, using up to 32 threads

Optimize a model with 29 rows, 2 columns and 42 nonzeros
Model fingerprint: 0xd87ecbb9
Coefficient statistics:
  Matrix range     [1e+00, 1e+00]
  Objective range  [0e+00, 0e+00]
  Bounds range     [0e+00, 0e+00]
  RHS range        [3e-02, 5e+00]
Presolve time: 0.01s

Solved in 0 iterations and 0.01 seconds (0.00 work units)
Infeasible model
{Error using assert
Assertion failed.

Error in path_flows_Leo (line 116)
    assert(~sol.problem);

Error in run_results_avgAcc (line 55)
 avgAcc(1,i_nCar,3)] = path_flows_Leo(Tmax,X_matrix,epsilonAvg,fp_save,D,B,G);
} 
